<?xml version="1.0" encoding="UTF-8"?>
<!-- Generated by org.testng.reporters.JUnitReportReporter -->
<testsuite hostname="Princ3" name="Test.testCase1" tests="1" failures="0" timestamp="21 Jul 2020 13:55:16 GMT" time="1.213" errors="0">
  <testcase name="Navigate" time="1.213" classname="Test.testCase1"/>
</testsuite> <!-- Test.testCase1 -->
