<?xml version="1.0" encoding="UTF-8"?>
<!-- Generated by org.testng.reporters.JUnitReportReporter -->
<testsuite hostname="Princ3" name="Test.testCase1" tests="1" failures="0" timestamp="21 Jul 2020 06:31:49 GMT" time="6.217" errors="0">
  <testcase name="Navigate" time="6.217" classname="Test.testCase1"/>
</testsuite> <!-- Test.testCase1 -->
